
> client@0.0.0 dev
> vite --host

Port 5173 is in use, trying another one...
Port 5174 is in use, trying another one...
Port 5175 is in use, trying another one...
Port 5176 is in use, trying another one...
Port 5177 is in use, trying another one...
Port 5178 is in use, trying another one...
Port 5179 is in use, trying another one...
Port 5180 is in use, trying another one...
Port 5181 is in use, trying another one...
Port 5182 is in use, trying another one...
Port 5183 is in use, trying another one...
Port 5184 is in use, trying another one...
Port 5185 is in use, trying another one...

  VITE v7.2.7  ready in 193 ms

  ➜  Local:   http://localhost:5186/9:29:23 PM [vite] (client) page reload andr9:29:23 PM [vite] (client) page reload android/app/src/main/assets/public/index.html
9:29:23 PM [vite] (client) page reload android/b9:29:25 PM [vite] (client) page reload android/app/src/main/assets/public/index.html
9:29:27 PM [vite] (client) page reload andr9:29:27 PM [vite] (client) page reload android/b9:29:31 PM [vite] (client) page reload andr9:29:31 PM [vite] (client) page reload and9:29:37 PM [vite] (client) page reload andr9:29:37 PM [vite] (client) page reload and9:29:50 PM [vite] (client) page reload andr9:29:50 PM [vite] (client) page reload android/b9:30:53 PM [vite] (client) page reload andr9:30:53 PM [vite] (client) page reload and9:31:58 PM [vite] (client) page reload andr9:31:58 PM [vite] (client) page reload and9:31:58 PM [vite] (client) page reload andr9:31:58 PM [vite] (client) page reload android/b9:32:13 PM [vite] (client) page reload andr9:32:13 PM [vite] (client) page reload and9:32:15 PM [vite] (client) page reload andr9:32:15 PM [vite] (client) page reload android/b9:32:17 PM [vite] (client) page reload andr9:32:17 PM [vite] (client) page reload and9:32:23 PM [vite] (client) page reload android/app/src/main/assets/public/index.html
9:32:46 PM [vite] (client) page reload android/build/reports/problems/problems-report.html
9:32:58 PM [vite] (client) page reload android/app/build/intermediates/assets/debug/mergeDebugAssets/public/index.html
9:33:07 PM [vite] (client) page reload android/build/reports/problems/problems-report.html
9:34:11 PM [vite] (client) page reload andr9:34:11 PM [vite] (client) page reload android/app/build/intermediates/assets/debug/mergeDebugAssets/public/index.html
9:34:12 PM [vite] (client) page reload android/app/src/main/assets/public/index.html
9:34:12 PM [vite] (client) page reload android/build/reports/problems/problems-report.html
