
> server@1.0.0 start
> node server.js

[dotenv@17.2.3] injecting env (2) from .env -- tip: 📡 add observability to secrets: https://dotenvx.com/ops
node:internal/modules/cjs/loader:1386
  throw err;
  ^

Error: Cannot find module '../middleware/auth'
Require stack:
- /Users/soenflochlay/Desktop/PycharmProjects/sweepy/server/routes/members.js
- /Users/soenflochlay/Desktop/PycharmProjects/sweepy/server/server.js
    at Function._resolveFilename (node:internal/modules/cjs/loader:1383:15)
    at defaultResolveImpl (node:internal/modules/cjs/loader:1025:19)
    at resolveForCJSWithHooks (node:internal/modules/cjs/loader:1030:22)
    at Function._load (node:internal/modules/cjs/loader:1192:37)
    at TracingChannel.traceSync (node:diagnostics_channel:328:14)
    at wrapModuleLoad (node:internal/modules/cjs/loader:237:24)
    at Module.require (node:internal/modules/cjs/loader:1463:12)
    at require (node:internal/modules/helpers:147:16)
    at Object.<anonymous> (/Users/soenflochlay/Desktop/PycharmProjects/sweepy/server/routes/members.js:4:24)
    at Module._compile (node:internal/modules/cjs/loader:1706:14) {
  code: 'MODULE_NOT_FOUND',
  requireStack: [
    '/Users/soenflochlay/Desktop/PycharmProjects/sweepy/server/routes/members.js',
    '/Users/soenflochlay/Desktop/PycharmProjects/sweepy/server/server.js'
  ]
}

Node.js v22.21.1
